This is pdfTeX, Version 3.1415926-1.40.10 (MiKTeX 2.8) (preloaded format=pdflatex 2012.1.20)  7 NOV 2012 13:20
entering extended mode
**C:/programs/Dropbox/CNVassoc_project/package/CNVassoc_1.5/CNVassoc/vignettes/
CNVassoc_vignette

(C:/programs/Dropbox/CNVassoc_project/package/CNVassoc_1.5/CNVassoc/vignettes/C
NVassoc_vignette.tex
LaTeX2e <2009/09/24>
Babel <v3.8l> and hyphenation patterns for english, dumylang, nohyphenation, ge
rman, ngerman, german-x-2009-06-19, ngerman-x-2009-06-19, french, loaded.
(C:\programs\MikTex\tex\latex\base\article.cls
Document Class: article 2007/10/19 v1.4h Standard LaTeX document class
(C:\programs\MikTex\tex\latex\base\size11.clo
File: size11.clo 2007/10/19 v1.4h Standard LaTeX file (size option)
)
\c@part=\count79
\c@section=\count80
\c@subsection=\count81
\c@subsubsection=\count82
\c@paragraph=\count83
\c@subparagraph=\count84
\c@figure=\count85
\c@table=\count86
\abovecaptionskip=\skip41
\belowcaptionskip=\skip42
\bibindent=\dimen102
)
(C:\programs\MikTex\tex\latex\hyperref\hyperref.sty
Package: hyperref 2009/10/19 v6.79b Hypertext links for LaTeX

(C:\programs\MikTex\tex\latex\graphics\keyval.sty
Package: keyval 1999/03/16 v1.13 key=value parser (DPC)
\KV@toks@=\toks14
)
(C:\programs\MikTex\tex\generic\oberdiek\ifpdf.sty
Package: ifpdf 2009/04/10 v2.0 Provides the ifpdf switch (HO)
Package ifpdf Info: pdfTeX in pdf mode detected.
)
(C:\programs\MikTex\tex\generic\oberdiek\ifvtex.sty
Package: ifvtex 2008/11/04 v1.4 Switches for detecting VTeX and its modes (HO)
Package ifvtex Info: VTeX not detected.
)
(C:\programs\MikTex\tex\latex\ifxetex\ifxetex.sty
Package: ifxetex 2009/01/23 v0.5 Provides ifxetex conditional
)
(C:\programs\MikTex\tex\latex\oberdiek\hycolor.sty
Package: hycolor 2009/10/02 v1.5 Code for color options of hyperref/bookmark (H
O)

(C:\programs\MikTex\tex\latex\oberdiek\xcolor-patch.sty
Package: xcolor-patch 2009/10/02 xcolor patch
))
\@linkdim=\dimen103
\Hy@linkcounter=\count87
\Hy@pagecounter=\count88

(C:\programs\MikTex\tex\latex\hyperref\pd1enc.def
File: pd1enc.def 2009/10/19 v6.79b Hyperref: PDFDocEncoding definition (HO)
)
(C:\programs\MikTex\tex\generic\oberdiek\etexcmds.sty
Package: etexcmds 2007/12/12 v1.2 Prefix for e-TeX command names (HO)

(C:\programs\MikTex\tex\generic\oberdiek\infwarerr.sty
Package: infwarerr 2007/09/09 v1.2 Providing info/warning/message (HO)
)
Package etexcmds Info: Could not find \expanded.
(etexcmds)             That can mean that you are not using pdfTeX 1.50 or
(etexcmds)             that some package has redefined \expanded.
(etexcmds)             In the latter case, load this package earlier.
)
(C:\programs\MikTex\tex\latex\00miktex\hyperref.cfg
File: hyperref.cfg 2002/06/06 v1.2 hyperref configuration of TeXLive
)
(C:\programs\MikTex\tex\latex\oberdiek\kvoptions.sty
Package: kvoptions 2009/08/13 v3.4 Keyval support for LaTeX options (HO)

(C:\programs\MikTex\tex\generic\oberdiek\kvsetkeys.sty
Package: kvsetkeys 2009/07/30 v1.5 Key value parser with default handler suppor
t (HO)
))
Package hyperref Info: Hyper figures OFF on input line 2975.
Package hyperref Info: Link nesting OFF on input line 2980.
Package hyperref Info: Hyper index ON on input line 2983.
Package hyperref Info: Plain pages OFF on input line 2990.
Package hyperref Info: Backreferencing OFF on input line 2995.

Implicit mode ON; LaTeX internals redefined
Package hyperref Info: Bookmarks ON on input line 3191.
(C:\programs\MikTex\tex\latex\ltxmisc\url.sty
\Urlmuskip=\muskip10
Package: url 2006/04/12  ver 3.3  Verb mode for urls, etc.
)
LaTeX Info: Redefining \url on input line 3428.

(C:\programs\MikTex\tex\generic\oberdiek\bitset.sty
Package: bitset 2007/09/28 v1.0 Data type bit set (HO)

(C:\programs\MikTex\tex\generic\oberdiek\intcalc.sty
Package: intcalc 2007/09/27 v1.1 Expandable integer calculations (HO)
)
(C:\programs\MikTex\tex\generic\oberdiek\bigintcalc.sty
Package: bigintcalc 2007/11/11 v1.1 Expandable big integer calculations (HO)

(C:\programs\MikTex\tex\generic\oberdiek\pdftexcmds.sty
Package: pdftexcmds 2009/09/23 v0.6 LuaTeX support for pdfTeX utility functions
 (HO)

(C:\programs\MikTex\tex\generic\oberdiek\ifluatex.sty
Package: ifluatex 2009/04/17 v1.2 Provides the ifluatex switch (HO)
Package ifluatex Info: LuaTeX not detected.
)
(C:\programs\MikTex\tex\generic\oberdiek\ltxcmds.sty
Package: ltxcmds 2009/08/05 v1.0 Some LaTeX kernel commands for general use (HO
)
)
Package pdftexcmds Info: LuaTeX not detected.
Package pdftexcmds Info: \pdf@primitive is available.
Package pdftexcmds Info: \pdf@ifprimitive is available.
)))
\Fld@menulength=\count89
\Field@Width=\dimen104
\Fld@charsize=\dimen105
\Field@toks=\toks15
Package hyperref Info: Hyper figures OFF on input line 4377.
Package hyperref Info: Link nesting OFF on input line 4382.
Package hyperref Info: Hyper index ON on input line 4385.
Package hyperref Info: backreferencing OFF on input line 4392.
Package hyperref Info: Link coloring OFF on input line 4397.
Package hyperref Info: Link coloring with OCG OFF on input line 4402.
Package hyperref Info: PDF/A mode OFF on input line 4407.

(C:\programs\MikTex\tex\generic\oberdiek\atbegshi.sty
Package: atbegshi 2008/07/31 v1.9 At begin shipout hook (HO)
)
\Hy@abspage=\count90
\c@Item=\count91
\c@Hfootnote=\count92
)
*hyperref using default driver hpdftex*
(C:\programs\MikTex\tex\latex\hyperref\hpdftex.def
File: hpdftex.def 2009/10/19 v6.79b Hyperref driver for pdfTeX
\Fld@listcount=\count93
)
(C:\programs\MikTex\tex\latex\graphics\color.sty
Package: color 2005/11/14 v1.0j Standard LaTeX Color (DPC)

(C:\programs\MikTex\tex\latex\00miktex\color.cfg
File: color.cfg 2007/01/18 v1.5 color configuration of teTeX/TeXLive
)
Package color Info: Driver file: pdftex.def on input line 130.

(C:\programs\MikTex\tex\latex\pdftex-def\pdftex.def
File: pdftex.def 2009/08/25 v0.04m Graphics/color for pdfTeX
\Gread@gobject=\count94
))
(C:\programs\MikTex\tex\latex\graphics\graphicx.sty
Package: graphicx 1999/02/16 v1.0f Enhanced LaTeX Graphics (DPC,SPQR)

(C:\programs\MikTex\tex\latex\graphics\graphics.sty
Package: graphics 2009/02/05 v1.0o Standard LaTeX Graphics (DPC,SPQR)

(C:\programs\MikTex\tex\latex\graphics\trig.sty
Package: trig 1999/03/16 v1.09 sin cos tan (DPC)
)
(C:\programs\MikTex\tex\latex\00miktex\graphics.cfg
File: graphics.cfg 2007/01/18 v1.5 graphics configuration of teTeX/TeXLive
)
Package graphics Info: Driver file: pdftex.def on input line 91.
)
\Gin@req@height=\dimen106
\Gin@req@width=\dimen107
)
(C:\programs\MikTex\tex\latex\graphics\epsfig.sty
Package: epsfig 1999/02/16 v1.7a (e)psfig emulation (SPQR)
\epsfxsize=\dimen108
\epsfysize=\dimen109
)
(C:\programs\MikTex\tex\latex\amsfonts\amssymb.sty
Package: amssymb 2009/06/22 v3.00

(C:\programs\MikTex\tex\latex\amsfonts\amsfonts.sty
Package: amsfonts 2009/06/22 v3.00 Basic AMSFonts support
\@emptytoks=\toks16
\symAMSa=\mathgroup4
\symAMSb=\mathgroup5
LaTeX Font Info:    Overwriting math alphabet `\mathfrak' in version `bold'
(Font)                  U/euf/m/n --> U/euf/b/n on input line 96.
))
(C:\programs\MikTex\tex\latex\ams\math\amsmath.sty
Package: amsmath 2000/07/18 v2.13 AMS math features
\@mathmargin=\skip43

For additional information on amsmath, use the `?' option.
(C:\programs\MikTex\tex\latex\ams\math\amstext.sty
Package: amstext 2000/06/29 v2.01

(C:\programs\MikTex\tex\latex\ams\math\amsgen.sty
File: amsgen.sty 1999/11/30 v2.0
\@emptytoks=\toks17
\ex@=\dimen110
))
(C:\programs\MikTex\tex\latex\ams\math\amsbsy.sty
Package: amsbsy 1999/11/29 v1.2d
\pmbraise@=\dimen111
)
(C:\programs\MikTex\tex\latex\ams\math\amsopn.sty
Package: amsopn 1999/12/14 v2.01 operator names
)
\inf@bad=\count95
LaTeX Info: Redefining \frac on input line 211.
\uproot@=\count96
\leftroot@=\count97
LaTeX Info: Redefining \overline on input line 307.
\classnum@=\count98
\DOTSCASE@=\count99
LaTeX Info: Redefining \ldots on input line 379.
LaTeX Info: Redefining \dots on input line 382.
LaTeX Info: Redefining \cdots on input line 467.
\Mathstrutbox@=\box26
\strutbox@=\box27
\big@size=\dimen112
LaTeX Font Info:    Redeclaring font encoding OML on input line 567.
LaTeX Font Info:    Redeclaring font encoding OMS on input line 568.
\macc@depth=\count100
\c@MaxMatrixCols=\count101
\dotsspace@=\muskip11
\c@parentequation=\count102
\dspbrk@lvl=\count103
\tag@help=\toks18
\row@=\count104
\column@=\count105
\maxfields@=\count106
\andhelp@=\toks19
\eqnshift@=\dimen113
\alignsep@=\dimen114
\tagshift@=\dimen115
\tagwidth@=\dimen116
\totwidth@=\dimen117
\lineht@=\dimen118
\@envbody=\toks20
\multlinegap=\skip44
\multlinetaggap=\skip45
\mathdisplay@stack=\toks21
LaTeX Info: Redefining \[ on input line 2666.
LaTeX Info: Redefining \] on input line 2667.
)
(C:\programs\Dropbox\CNVassoc_project\package\CNVassoc_1.5\CNVassoc\vignettes\S
weave.sty
Package: Sweave 
 (C:\programs\MikTex\tex\latex\base\ifthen.sty
Package: ifthen 2001/05/26 v1.1c Standard LaTeX ifthen package (DPC)
)
(C:\programs\MikTex\tex\latex\fancyvrb\fancyvrb.sty
Package: fancyvrb 2008/02/07

Style option: `fancyvrb' v2.7a, with DG/SPQR fixes, and firstline=lastline fix 
<2008/02/07> (tvz)
\FV@CodeLineNo=\count107
\FV@InFile=\read1
\FV@TabBox=\box28
\c@FancyVerbLine=\count108
\FV@StepNumber=\count109
\FV@OutFile=\write3
) (C:\programs\MikTex\tex\latex\upquote\upquote.sty
Package: upquote 2003/08/11 v1.1 Covington's upright-quote modification to verb
atim and verb

(C:\programs\MikTex\tex\latex\base\textcomp.sty
Package: textcomp 2005/09/27 v1.99g Standard LaTeX package
Package textcomp Info: Sub-encoding information:
(textcomp)               5 = only ISO-Adobe without \textcurrency
(textcomp)               4 = 5 + \texteuro
(textcomp)               3 = 4 + \textohm
(textcomp)               2 = 3 + \textestimated + \textcurrency
(textcomp)               1 = TS1 - \textcircled - \t
(textcomp)               0 = TS1 (full)
(textcomp)             Font families with sub-encoding setting implement
(textcomp)             only a restricted character set as indicated.
(textcomp)             Family '?' is the default used for unknown fonts.
(textcomp)             See the documentation for details.
Package textcomp Info: Setting ? sub-encoding to TS1/1 on input line 71.

(C:\programs\MikTex\tex\latex\base\ts1enc.def
File: ts1enc.def 2001/06/05 v3.0e (jk/car/fm) Standard LaTeX file
)
LaTeX Info: Redefining \oldstylenums on input line 266.
Package textcomp Info: Setting cmr sub-encoding to TS1/0 on input line 281.
Package textcomp Info: Setting cmss sub-encoding to TS1/0 on input line 282.
Package textcomp Info: Setting cmtt sub-encoding to TS1/0 on input line 283.
Package textcomp Info: Setting cmvtt sub-encoding to TS1/0 on input line 284.
Package textcomp Info: Setting cmbr sub-encoding to TS1/0 on input line 285.
Package textcomp Info: Setting cmtl sub-encoding to TS1/0 on input line 286.
Package textcomp Info: Setting ccr sub-encoding to TS1/0 on input line 287.
Package textcomp Info: Setting ptm sub-encoding to TS1/4 on input line 288.
Package textcomp Info: Setting pcr sub-encoding to TS1/4 on input line 289.
Package textcomp Info: Setting phv sub-encoding to TS1/4 on input line 290.
Package textcomp Info: Setting ppl sub-encoding to TS1/3 on input line 291.
Package textcomp Info: Setting pag sub-encoding to TS1/4 on input line 292.
Package textcomp Info: Setting pbk sub-encoding to TS1/4 on input line 293.
Package textcomp Info: Setting pnc sub-encoding to TS1/4 on input line 294.
Package textcomp Info: Setting pzc sub-encoding to TS1/4 on input line 295.
Package textcomp Info: Setting bch sub-encoding to TS1/4 on input line 296.
Package textcomp Info: Setting put sub-encoding to TS1/5 on input line 297.
Package textcomp Info: Setting uag sub-encoding to TS1/5 on input line 298.
Package textcomp Info: Setting ugq sub-encoding to TS1/5 on input line 299.
Package textcomp Info: Setting ul8 sub-encoding to TS1/4 on input line 300.
Package textcomp Info: Setting ul9 sub-encoding to TS1/4 on input line 301.
Package textcomp Info: Setting augie sub-encoding to TS1/5 on input line 302.
Package textcomp Info: Setting dayrom sub-encoding to TS1/3 on input line 303.
Package textcomp Info: Setting dayroms sub-encoding to TS1/3 on input line 304.

Package textcomp Info: Setting pxr sub-encoding to TS1/0 on input line 305.
Package textcomp Info: Setting pxss sub-encoding to TS1/0 on input line 306.
Package textcomp Info: Setting pxtt sub-encoding to TS1/0 on input line 307.
Package textcomp Info: Setting txr sub-encoding to TS1/0 on input line 308.
Package textcomp Info: Setting txss sub-encoding to TS1/0 on input line 309.
Package textcomp Info: Setting txtt sub-encoding to TS1/0 on input line 310.
Package textcomp Info: Setting futs sub-encoding to TS1/4 on input line 311.
Package textcomp Info: Setting futx sub-encoding to TS1/4 on input line 312.
Package textcomp Info: Setting futj sub-encoding to TS1/4 on input line 313.
Package textcomp Info: Setting hlh sub-encoding to TS1/3 on input line 314.
Package textcomp Info: Setting hls sub-encoding to TS1/3 on input line 315.
Package textcomp Info: Setting hlst sub-encoding to TS1/3 on input line 316.
Package textcomp Info: Setting hlct sub-encoding to TS1/5 on input line 317.
Package textcomp Info: Setting hlx sub-encoding to TS1/5 on input line 318.
Package textcomp Info: Setting hlce sub-encoding to TS1/5 on input line 319.
Package textcomp Info: Setting hlcn sub-encoding to TS1/5 on input line 320.
Package textcomp Info: Setting hlcw sub-encoding to TS1/5 on input line 321.
Package textcomp Info: Setting hlcf sub-encoding to TS1/5 on input line 322.
Package textcomp Info: Setting pplx sub-encoding to TS1/3 on input line 323.
Package textcomp Info: Setting pplj sub-encoding to TS1/3 on input line 324.
Package textcomp Info: Setting ptmx sub-encoding to TS1/4 on input line 325.
Package textcomp Info: Setting ptmj sub-encoding to TS1/4 on input line 326.
))
(C:\programs\MikTex\tex\latex\base\fontenc.sty
Package: fontenc 2005/09/27 v1.99g Standard LaTeX package

(C:\programs\MikTex\tex\latex\base\t1enc.def
File: t1enc.def 2005/09/27 v1.99g Standard LaTeX file
LaTeX Font Info:    Redeclaring font encoding T1 on input line 43.
))
(C:\programs\MikTex\tex\latex\ae\ae.sty
Package: ae 2001/02/12 1.3 Almost European Computer Modern

(C:\programs\MikTex\tex\latex\base\fontenc.sty
Package: fontenc 2005/09/27 v1.99g Standard LaTeX package

(C:\programs\MikTex\tex\latex\base\t1enc.def
File: t1enc.def 2005/09/27 v1.99g Standard LaTeX file
LaTeX Font Info:    Redeclaring font encoding T1 on input line 43.
)
LaTeX Font Info:    Try loading font information for T1+aer on input line 100.

(C:\programs\MikTex\tex\latex\ae\t1aer.fd
File: t1aer.fd 1997/11/16 Font definitions for T1/aer.
))))
(C:\programs\Dropbox\CNVassoc_project\package\CNVassoc_1.5\CNVassoc\vignettes\C
NVassoc_vignette.aux)
LaTeX Font Info:    Checking defaults for OML/cmm/m/it on input line 13.
LaTeX Font Info:    ... okay on input line 13.
LaTeX Font Info:    Checking defaults for T1/cmr/m/n on input line 13.
LaTeX Font Info:    ... okay on input line 13.
LaTeX Font Info:    Checking defaults for OT1/cmr/m/n on input line 13.
LaTeX Font Info:    ... okay on input line 13.
LaTeX Font Info:    Checking defaults for OMS/cmsy/m/n on input line 13.
LaTeX Font Info:    ... okay on input line 13.
LaTeX Font Info:    Checking defaults for OMX/cmex/m/n on input line 13.
LaTeX Font Info:    ... okay on input line 13.
LaTeX Font Info:    Checking defaults for U/cmr/m/n on input line 13.
LaTeX Font Info:    ... okay on input line 13.
LaTeX Font Info:    Checking defaults for PD1/pdf/m/n on input line 13.
LaTeX Font Info:    ... okay on input line 13.
LaTeX Font Info:    Checking defaults for TS1/cmr/m/n on input line 13.
LaTeX Font Info:    Try loading font information for TS1+cmr on input line 13.
 (C:\programs\MikTex\tex\latex\base\ts1cmr.fd
File: ts1cmr.fd 1999/05/25 v2.5h Standard LaTeX font definitions
)
LaTeX Font Info:    ... okay on input line 13.
Package hyperref Info: Link coloring OFF on input line 13.

(C:\programs\MikTex\tex\latex\hyperref\nameref.sty
Package: nameref 2007/05/29 v2.31 Cross-referencing by name of section

(C:\programs\MikTex\tex\latex\oberdiek\refcount.sty
Package: refcount 2008/08/11 v3.1 Data extraction from references (HO)
)
\c@section@level=\count110
)
LaTeX Info: Redefining \ref on input line 13.
LaTeX Info: Redefining \pageref on input line 13.

(C:\programs\Dropbox\CNVassoc_project\package\CNVassoc_1.5\CNVassoc\vignettes\C
NVassoc_vignette.out)
(C:\programs\Dropbox\CNVassoc_project\package\CNVassoc_1.5\CNVassoc\vignettes\C
NVassoc_vignette.out)
\@outlinefile=\write4
\AtBeginShipoutBox=\box29
 (C:\programs\MikTex\tex\context\base\supp-pdf.tex
[Loading MPS to PDF converter (version 2006.09.02).]
\scratchcounter=\count111
\scratchdimen=\dimen119
\scratchbox=\box30
\nofMPsegments=\count112
\nofMParguments=\count113
\everyMPshowfont=\toks22
\MPscratchCnt=\count114
\MPscratchDim=\dimen120
\MPnumerator=\count115
\everyMPtoPDFconversion=\toks23
)
LaTeX Font Info:    Try loading font information for U+msa on input line 27.
 (C:\programs\MikTex\tex\latex\amsfonts\umsa.fd
File: umsa.fd 2009/06/22 v3.00 AMS symbols A
)
LaTeX Font Info:    Try loading font information for U+msb on input line 27.

(C:\programs\MikTex\tex\latex\amsfonts\umsb.fd
File: umsb.fd 2009/06/22 v3.00 AMS symbols B
)
(C:\programs\Dropbox\CNVassoc_project\package\CNVassoc_1.5\CNVassoc\vignettes\C
NVassoc_vignette.toc [1

{C:/Documents and Settings/isubirana/Configuración local/Datos de programa/MiKT
eX/2.8/pdftex/config/pdftex.map}]
LaTeX Font Info:    Try loading font information for T1+aett on input line 17.

(C:\programs\MikTex\tex\latex\ae\t1aett.fd
File: t1aett.fd 1997/11/16 Font definitions for T1/aett.
))
\tf@toc=\write5

Underfull \hbox (badness 10000) in paragraph at lines 49--57

 []

[2] <CNVassoc_vignette-005.pdf, id=141, 433.62pt x 433.62pt>
File: CNVassoc_vignette-005.pdf Graphic file (type pdf)

<use CNVassoc_vignette-005.pdf>
<CNVassoc_vignette-007.pdf, id=143, 433.62pt x 433.62pt>
File: CNVassoc_vignette-007.pdf Graphic file (type pdf)

<use CNVassoc_vignette-007.pdf>
<CNVassoc_vignette-009.pdf, id=145, 433.62pt x 433.62pt>
File: CNVassoc_vignette-009.pdf Graphic file (type pdf)

<use CNVassoc_vignette-009.pdf>
Underfull \hbox (badness 10000) in paragraph at lines 163--164

 []

[3]
Overfull \hbox (81.80888pt too wide) in paragraph at lines 175--175
[]\T1/aett/m/n/10.95 cutpoints <- plotSignal(dataMLPA$Gene2, case.control = dat
aMLPA$casco, n = 2)[] 
 []



pdfTeX warning: pdflatex (file C:/programs/Dropbox/CNVassoc_project/package/CNV
assoc_1.5/CNVassoc/vignettes/figures/fig1.pdf): PDF inclusion: found PDF versio
n <1.5>, but at most version <1.4> allowed
<./figures/fig1.pdf, id=155, 505.89pt x 504.88625pt>
File: ./figures/fig1.pdf Graphic file (type pdf)
 <use ./figures/fig1.pdf>
Underfull \hbox (badness 10000) in paragraph at lines 188--190

 []

[4 <C:/programs/Dropbox/CNVassoc_project/package/CNVassoc_1.5/CNVassoc/vignette
s/CNVassoc_vignette-005.pdf>] [5 <C:/programs/Dropbox/CNVassoc_project/package/
CNVassoc_1.5/CNVassoc/vignettes/CNVassoc_vignette-007.pdf>] [6 <C:/programs/Dro
pbox/CNVassoc_project/package/CNVassoc_1.5/CNVassoc/vignettes/CNVassoc_vignette
-009.pdf>] [7 <C:/programs/Dropbox/CNVassoc_project/package/CNVassoc_1.5/CNVass
oc/vignettes/figures/fig1.pdf>] [8

] [9] [10]
<./figures/fig2a.pdf, id=222, 505.89pt x 505.89pt>
File: ./figures/fig2a.pdf Graphic file (type pdf)
 <use ./figures/fig2a.pdf>
<./figures/fig2b.pdf, id=224, 505.89pt x 505.89pt>
File: ./figures/fig2b.pdf Graphic file (type pdf)
 <use ./figures/fig2b.pdf>
Overfull \hbox (49.35352pt too wide) in paragraph at lines 405--412
 [][] 
 []


Underfull \hbox (badness 10000) in paragraph at lines 417--421

 []

[11 <C:/programs/Dropbox/CNVassoc_project/package/CNVassoc_1.5/CNVassoc/vignett
es/figures/fig2a.pdf> <C:/programs/Dropbox/CNVassoc_project/package/CNVassoc_1.
5/CNVassoc/vignettes/figures/fig2b.pdf>]
<CNVassoc_vignette-021.pdf, id=248, 433.62pt x 433.62pt>
File: CNVassoc_vignette-021.pdf Graphic file (type pdf)

<use CNVassoc_vignette-021.pdf> [12 <C:/programs/Dropbox/CNVassoc_project/packa
ge/CNVassoc_1.5/CNVassoc/vignettes/CNVassoc_vignette-021.pdf>]
LaTeX Font Info:    Try loading font information for TS1+aett on input line 499
.
LaTeX Font Info:    No file TS1aett.fd. on input line 499.


LaTeX Font Warning: Font shape `TS1/aett/m/n' undefined
(Font)              using `TS1/cmr/m/n' instead
(Font)              for symbol `textquotesingle' on input line 499.

[13

] [14] [15] [16]

LaTeX Font Warning: Font shape `TS1/aett/m/sl' undefined
(Font)              using `TS1/aett/m/n' instead
(Font)              for symbol `textquotesingle' on input line 681.

[17] [18] [19]
Overfull \hbox (0.61763pt too wide) in paragraph at lines 873--875
[]\T1/aer/m/n/10.95 To com-pare two nested mod-els we use the generic func-tion
 \T1/aett/m/n/10.95 anova \T1/aer/m/n/10.95 (NOTE:
 []

[20] [21]
Overfull \hbox (76.0711pt too wide) in paragraph at lines 979--979
[]\T1/aett/m/n/10.95 norm.cghdata <- normalize(cghdata, method = "median", smoo
thOutliers = TRUE)[] 
 []

[22] [23]
Overfull \hbox (8.5118pt too wide) in paragraph at lines 1070--1072
[]\T1/aer/m/n/10.95 Multiple com-par-isons can be ad-dressed by us-ing the Ben-
jamini & Hochberg
 []

[24] [25] [26]
Underfull \hbox (badness 10000) in paragraph at lines 1261--1263

 []

<CNVassoc_vignette-056.pdf, id=350, 433.62pt x 433.62pt>
File: CNVassoc_vignette-056.pdf Graphic file (type pdf)

<use CNVassoc_vignette-056.pdf> [27] [28 <C:/programs/Dropbox/CNVassoc_project/
package/CNVassoc_1.5/CNVassoc/vignettes/CNVassoc_vignette-056.pdf>]

LaTeX Font Warning: Font shape `T1/aett/bx/n' undefined
(Font)              using `T1/aett/m/n' instead on input line 1277.


Underfull \hbox (badness 10000) in paragraph at lines 1297--1299

 []


Underfull \hbox (badness 10000) in paragraph at lines 1320--1334

 []

[29

]
Underfull \hbox (badness 10000) in paragraph at lines 1335--1338

 []

<./figures/main_figure_new.pdf, id=386, 794.97pt x 614.295pt>
File: ./figures/main_figure_new.pdf Graphic file (type pdf)

<use ./figures/main_figure_new.pdf>
<./figures/main_fugure_Q.pdf, id=387, 794.97pt x 614.295pt>
File: ./figures/main_fugure_Q.pdf Graphic file (type pdf)

<use ./figures/main_fugure_Q.pdf> [30] [31 <C:/programs/Dropbox/CNVassoc_projec
t/package/CNVassoc_1.5/CNVassoc/vignettes/figures/main_figure_new.pdf, page is 
rotated 90 degrees>] [32 <C:/programs/Dropbox/CNVassoc_project/package/CNVassoc
_1.5/CNVassoc/vignettes/figures/main_fugure_Q.pdf, page is rotated 90 degrees>]

Overfull \hbox (19.70828pt too wide) in paragraph at lines 1398--1409
\T1/aer/m/n/10.95 (avail-able on []http://www.stats.ox.ac.uk/ mar-chini/softwar
e/gwas/snptest.html[])
 []


Underfull \hbox (badness 10000) in paragraph at lines 1398--1409

 []

[33

]
LaTeX Font Info:    Try loading font information for TS1+aer on input line 1477
.
LaTeX Font Info:    No file TS1aer.fd. on input line 1477.


LaTeX Font Warning: Font shape `TS1/aer/m/n' undefined
(Font)              using `TS1/cmr/m/n' instead
(Font)              for symbol `textbullet' on input line 1477.


Underfull \hbox (badness 10000) in paragraph at lines 1484--1490

 []


Underfull \hbox (badness 10000) in paragraph at lines 1491--1493

 []

[34] [35]
Underfull \hbox (badness 10000) in paragraph at lines 1578--1580

 []


Underfull \hbox (badness 10000) in paragraph at lines 1581--1584

 []

[36] [37]
Underfull \hbox (badness 10000) in paragraph at lines 1675--1677

 []


Underfull \hbox (badness 10000) in paragraph at lines 1719--1726

 []

[38]
Overfull \hbox (52.86087pt too wide) in paragraph at lines 1728--1732
[]\T1/aer/m/n/10.95 Function \T1/aett/m/n/10.95 CNVassoc \T1/aer/m/n/10.95 can 
han-dle this sit-u-a-tion, sim-ply by spec-i-fy-ing \T1/aett/m/n/10.95 family\T
1/aer/m/n/10.95 =''weibull''
 []


Underfull \hbox (badness 10000) in paragraph at lines 1728--1732

 []


Underfull \hbox (badness 10000) in paragraph at lines 1733--1736

 []

[39] [40]
Overfull \hbox (0.49275pt too wide) in paragraph at lines 1806--1811
\T1/aer/m/n/10.95 ad-di-tive ef-fect is per-formed as usual, this time spec-i-f
y-ing \T1/aett/m/n/10.95 family="weibull"\T1/aer/m/n/10.95 ,
 []


(C:\programs\Dropbox\CNVassoc_project\package\CNVassoc_1.5\CNVassoc\vignettes\C
NVassoc_vignette.bbl [41]) [42]
(C:\programs\Dropbox\CNVassoc_project\package\CNVassoc_1.5\CNVassoc\vignettes\C
NVassoc_vignette.aux)

LaTeX Font Warning: Some font shapes were not available, defaults substituted.

 ) 
Here is how much of TeX's memory you used:
 6494 strings out of 495285
 91585 string characters out of 3181099
 155855 words of memory out of 3000000
 9407 multiletter control sequences out of 15000+200000
 50010 words of font info for 119 fonts, out of 3000000 for 9000
 14 hyphenation exceptions out of 8191
 38i,18n,36p,936b,446s stack positions out of 5000i,500n,10000p,200000b,50000s
 <C:\Documents and Settings\isubirana\Configuración local\Datos de programa\M
iKTeX\2.8\fonts\pk\ljfour\jknappen\ec\dpi600\tcrm1095.pk><C:/programs/MikTex/fo
nts/type1/public/amsfonts/cm/cmbx10.pfb><C:/programs/MikTex/fonts/type1/public/
amsfonts/cm/cmbx12.pfb><C:/programs/MikTex/fonts/type1/public/amsfonts/cm/cmmi1
0.pfb><C:/programs/MikTex/fonts/type1/public/amsfonts/cm/cmmi8.pfb><C:/programs
/MikTex/fonts/type1/public/amsfonts/cm/cmmi9.pfb><C:/programs/MikTex/fonts/type
1/public/amsfonts/cm/cmr10.pfb><C:/programs/MikTex/fonts/type1/public/amsfonts/
cm/cmr12.pfb><C:/programs/MikTex/fonts/type1/public/amsfonts/cm/cmr6.pfb><C:/pr
ograms/MikTex/fonts/type1/public/amsfonts/cm/cmr8.pfb><C:/programs/MikTex/fonts
/type1/public/amsfonts/cm/cmr9.pfb><C:/programs/MikTex/fonts/type1/public/amsfo
nts/cm/cmsltt10.pfb><C:/programs/MikTex/fonts/type1/public/amsfonts/cm/cmsy10.p
fb><C:/programs/MikTex/fonts/type1/public/amsfonts/cm/cmti10.pfb><C:/programs/M
ikTex/fonts/type1/public/amsfonts/cm/cmtt10.pfb><C:/programs/MikTex/fonts/type1
/public/amsfonts/cm/cmtt12.pfb><C:/programs/MikTex/fonts/type1/public/amsfonts/
cm/cmtt8.pfb><C:/programs/MikTex/fonts/type1/public/amsfonts/cm/cmtt9.pfb>
Output written on CNVassoc_vignette.pdf (42 pages, 485390 bytes).
PDF statistics:
 547 PDF objects out of 1000 (max. 8388607)
 91 named destinations out of 1000 (max. 500000)
 239 words of extra memory for PDF output out of 10000 (max. 10000000)

